irun(64): 15.20-s051: (c) Copyright 1995-2018 Cadence Design Systems, Inc.
TOOL:	irun(64)	15.20-s051: Started on Mar 03, 2023 at 23:51:51 IST
irun
	-access +rwc
	reg_pipeline.v
Loading snapshot worklib.RegisterFile_tb:v .................... Done
ncsim> source /tools/cadence/INCISIVE152/tools/inca/files/ncsimrc
ncsim> run
   0ns | 0 |  0 | 00000000 |  0 | 00000000 |  0 | 00000000
  10ns | 1 |  1 | aaaabbbb |  0 | 00000000 |  0 | 00000000
  20ns | 1 |  2 | 12345678 |  0 | 00000000 |  0 | 00000000
  30ns | 1 |  3 | ffffffff |  0 | 00000000 |  0 | 00000000
  40ns | 0 |  3 | ffffffff |  1 | aaaabbbb |  2 | 12345678
  42ns | 0 |  3 | ffffffff |  1 | aaaabbbb |  2 | 12345678
  42ns | 0 |  3 | ffffffff |  0 | 00000000 |  0 | 00000000
  44ns | 0 |  3 | ffffffff |  0 | 00000000 |  0 | 00000000
Simulation complete via $finish(1) at time 54 NS + 0
./reg_pipeline.v:134         $finish;
ncsim> exit
TOOL:	irun(64)	15.20-s051: Exiting on Mar 03, 2023 at 23:51:52 IST  (total: 00:00:01)
