irun(64): 15.20-s051: (c) Copyright 1995-2018 Cadence Design Systems, Inc.
TOOL:	irun(64)	15.20-s051: Started on Mar 05, 2023 at 20:40:43 IST
irun
	-access +rwc
	alu_top.v
file: alu_top.v
	module worklib.alu32_top:v
		errors: 0, warnings: 0
	module worklib.alu32_top_tb:v
		errors: 0, warnings: 0
		Caching library 'worklib' ....... Done
	Elaborating the design hierarchy:
		Caching library 'worklib' ....... Done
	Top level design units:
		alu32_top_tb
	Building instance overlay tables: .................... Done
	Generating native compiled code:
		worklib.alu32_top:v <0x354fc414>
			streams:   5, words:  2378
		worklib.alu32_top_tb:v <0x7e9049c0>
			streams:   8, words: 39461
	Building instance specific data structures.
	Loading native compiled code:     .................... Done
	Design hierarchy summary:
		              Instances  Unique
		Modules:              6       6
		Registers:           14      14
		Scalar wires:        11       -
		Vectored wires:      12       -
		Always blocks:        5       5
		Initial blocks:       2       2
		Cont. assignments:    7      13
		Pseudo assignments:   6       6
	Writing initial simulation snapshot: worklib.alu32_top_tb:v
Loading snapshot worklib.alu32_top_tb:v .................... Done
ncsim> source /tools/cadence/INCISIVE152/tools/inca/files/ncsimrc
ncsim> run
time	instr		A		B/imm		Y		C Z N V	// expected
10	ADD		10	20	30	0 0 0 0	// 30
20	SUB		50	20	30	1 0 0 0	// 30
30	ADDI		7	3	10	0 0 0 0	// 10
40	AND		0xf0f0f0f0	0x0ff00ff0	0x00f000f0	0 0 0 0	// 0x00f0_00f0
50	OR		0xf0f0f0f0	0x0ff00ff0	0xfff0fff0	0 0 1 0	// 0xfff0_fff0
60	XOR		0xf0f0f0f0	0x0ff00ff0	0xff00ff00	0 0 1 0	// 0xff00_ff00
70	SLL		0x00000001	4	0x00000010	0 0 0 0	// 0x10
80	SRL		0x80000000	1	0x40000000	0 0 0 0	// logical
90	SRA		0x80000000	1	0xc0000000	0 0 1 0	// arithmetic
100	SLT		-5	3	1	0 0 0 0	// 1
110	SLTU		0xffffffff	0x00000001	0	0 1 0 0	// 0 (unsigned)
Simulation complete via $finish(1) at time 120 NS + 0
./alu_top.v:269         $finish;
ncsim> exit
TOOL:	irun(64)	15.20-s051: Exiting on Mar 05, 2023 at 20:40:43 IST  (total: 00:00:00)
